<?xml version="1.0" encoding="UTF-8"?>
<!-- Generated by org.testng.reporters.JUnitReportReporter -->
<testsuite hostname="DESKTOP-FFIQT7C" failures="0" tests="1" name="TestRunner" time="0.351" errors="0" timestamp="18 Sep 2018 04:08:34 GMT" skipped="0">
  <testcase classname="TestRunner" name="feature" time="0.351"/>
</testsuite> <!-- TestRunner -->
